[ 2016-02-18T13:51:13+08:00 ] ::1 /appsocks/
INFO: [ app_init ] --START--
INFO: Run Behavior\BuildLiteBehavior [ RunTime:0.000040s ]
INFO: [ app_init ] --END-- [ RunTime:0.000244s ]
INFO: [ app_begin ] --START--
INFO: Run Behavior\ReadHtmlCacheBehavior [ RunTime:0.000876s ]
INFO: [ app_begin ] --END-- [ RunTime:0.001120s ]
INFO: [ view_parse ] --START--
INFO: [ template_filter ] --START--
INFO: Run Behavior\ContentReplaceBehavior [ RunTime:0.000057s ]
INFO: [ template_filter ] --END-- [ RunTime:0.000162s ]
INFO: Run Behavior\ParseTemplateBehavior [ RunTime:0.014016s ]
INFO: [ view_parse ] --END-- [ RunTime:0.014153s ]
INFO: [ view_filter ] --START--
INFO: Run Behavior\WriteHtmlCacheBehavior [ RunTime:0.000270s ]
INFO: [ view_filter ] --END-- [ RunTime:0.000356s ]
INFO: [ app_end ] --START--
INFO: Run Behavior\ShowPageTraceBehavior [ RunTime:0.000579s ]
INFO: [ app_end ] --END-- [ RunTime:0.000735s ]

[ 2016-02-18T13:54:41+08:00 ] ::1 /appsocks/
INFO: [ app_init ] --START--
INFO: Run Behavior\BuildLiteBehavior [ RunTime:0.000022s ]
INFO: [ app_init ] --END-- [ RunTime:0.000349s ]
INFO: [ app_begin ] --START--
INFO: Run Behavior\ReadHtmlCacheBehavior [ RunTime:0.000443s ]
INFO: [ app_begin ] --END-- [ RunTime:0.000546s ]
INFO: [ view_parse ] --START--
INFO: Run Behavior\ParseTemplateBehavior [ RunTime:0.000515s ]
INFO: [ view_parse ] --END-- [ RunTime:0.000617s ]
INFO: [ view_filter ] --START--
INFO: Run Behavior\WriteHtmlCacheBehavior [ RunTime:0.000296s ]
INFO: [ view_filter ] --END-- [ RunTime:0.000385s ]
INFO: [ app_end ] --START--
INFO: Run Behavior\ShowPageTraceBehavior [ RunTime:0.000611s ]
INFO: [ app_end ] --END-- [ RunTime:0.000743s ]

[ 2016-02-18T16:33:41+08:00 ] ::1 /appsocks/__Public__/css/typo.css
ERR: 无法加载控制器:__Public__

[ 2016-02-18T16:33:52+08:00 ] ::1 /appsocks/__Public__/css/typo.css
ERR: 无法加载控制器:__Public__

[ 2016-02-18T16:33:56+08:00 ] ::1 /appsocks/__Public__/css/typo.css
ERR: 无法加载控制器:__Public__

[ 2016-02-18T17:02:56+08:00 ] ::1 /appsocks/appsocks.net
ERR: 无法加载控制器:Appsocks.net

[ 2016-02-18T20:31:40+08:00 ] ::1 /appsocks/index.php/Home/Index/menu
ERR: 非法操作:menu

[ 2016-02-18T20:32:07+08:00 ] ::1 /appsocks/index.php/Home/Index/menu
ERR: 模板不存在:./Application/Home/View/Index/menu.html

[ 2016-02-18T20:33:33+08:00 ] ::1 /appsocks/Public/css/menu.css
ERR: 无法加载控制器:Public

[ 2016-02-18T20:33:57+08:00 ] ::1 /appsocks/Public/css/menu.css
ERR: 无法加载控制器:Public

[ 2016-02-18T20:35:17+08:00 ] ::1 /appsocks/Public/css/menu.css
ERR: 无法加载控制器:Public

[ 2016-02-18T20:35:51+08:00 ] ::1 /appsocks/Public/css/menu.css
ERR: 无法加载控制器:Public

[ 2016-02-18T23:43:41+08:00 ] ::1 /appsocks/Public/css/menu.css
ERR: 无法加载控制器:Public

[ 2016-02-18T23:53:38+08:00 ] ::1 /appsocks/Public/css/menu.css
ERR: 无法加载控制器:Public

[ 2016-02-18T23:54:01+08:00 ] ::1 /appsocks/Public/css/menu.css
ERR: 无法加载控制器:Public

[ 2016-02-18T23:54:02+08:00 ] ::1 /appsocks/Public/css/menu.css
ERR: 无法加载控制器:Public

[ 2016-02-18T23:54:03+08:00 ] ::1 /appsocks/Public/css/menu.css
ERR: 无法加载控制器:Public

[ 2016-02-18T23:54:08+08:00 ] ::1 /appsocks/Public/css/menu.css
ERR: 无法加载控制器:Public

[ 2016-02-18T23:54:13+08:00 ] ::1 /appsocks/Public/css/menu.css
ERR: 无法加载控制器:Public

[ 2016-02-18T23:54:13+08:00 ] ::1 /appsocks/Public/css/menu.css
ERR: 无法加载控制器:Public

[ 2016-02-18T23:54:13+08:00 ] ::1 /appsocks/Public/css/menu.css
ERR: 无法加载控制器:Public

[ 2016-02-18T23:54:46+08:00 ] ::1 /appsocks/Public/css/menu.css
ERR: 无法加载控制器:Public

[ 2016-02-18T23:54:49+08:00 ] ::1 /appsocks/index.php/Home/Index/appsocks.net
ERR: 非法操作:appsocks.net

[ 2016-02-18T23:55:10+08:00 ] ::1 /appsocks/Public/css/menu.css
ERR: 无法加载控制器:Public

[ 2016-02-18T23:55:18+08:00 ] ::1 /appsocks/Public/css/menu.css
ERR: 无法加载控制器:Public

[ 2016-02-18T23:55:43+08:00 ] ::1 /appsocks/Public/css/menu.css
ERR: 无法加载控制器:Public

[ 2016-02-18T23:57:15+08:00 ] ::1 /appsocks/Public/css/menu.css
ERR: 无法加载控制器:Public

[ 2016-02-18T23:57:29+08:00 ] ::1 /appsocks/Public/css/menu.css
ERR: 无法加载控制器:Public

[ 2016-02-18T23:57:44+08:00 ] ::1 /appsocks/Public/css/menu.css
ERR: 无法加载控制器:Public

[ 2016-02-18T23:58:08+08:00 ] ::1 /appsocks/Public/css/menu.css
ERR: 无法加载控制器:Public

[ 2016-02-18T23:58:24+08:00 ] ::1 /appsocks/Public/css/menu.css
ERR: 无法加载控制器:Public

[ 2016-02-18T23:58:49+08:00 ] ::1 /appsocks/Public/css/menu.css
ERR: 无法加载控制器:Public

